0 info it worked if it ends with ok
1 verbose cli [ '/usr/bin/node', '/usr/bin/npm', 'isntall', 'promise' ]
2 info using npm@1.4.28
3 info using node@v0.10.37
4 verbose node symlink /usr/bin/node
5 warn package.json myapp@1.1.1 No repository field.
6 warn package.json myapp@1.1.1 No README data
7 verbose readDependencies using package.json deps
8 verbose cache add [ 'promise', null ]
9 verbose cache add name=undefined spec="promise" args=["promise",null]
10 verbose parsed url { protocol: null,
10 verbose parsed url   slashes: null,
10 verbose parsed url   auth: null,
10 verbose parsed url   host: null,
10 verbose parsed url   port: null,
10 verbose parsed url   hostname: null,
10 verbose parsed url   hash: null,
10 verbose parsed url   search: null,
10 verbose parsed url   query: null,
10 verbose parsed url   pathname: 'promise',
10 verbose parsed url   path: 'promise',
10 verbose parsed url   href: 'promise' }
11 silly lockFile 8c2fd844-promise promise
12 verbose lock promise /home/ialeksandrychev/.npm/8c2fd844-promise.lock
13 silly lockFile 8c2fd844-promise promise
14 silly lockFile 8c2fd844-promise promise
15 verbose addNamed [ 'promise', '' ]
16 verbose addNamed [ null, '*' ]
17 silly lockFile 9bab9899-promise promise@
18 verbose lock promise@ /home/ialeksandrychev/.npm/9bab9899-promise.lock
19 silly addNameRange { name: 'promise', range: '*', hasData: false }
20 verbose request where is /promise
21 verbose request registry https://registry.npmjs.org/
22 verbose request id 5729c766fa3f363c
23 verbose url raw /promise
24 verbose url resolving [ 'https://registry.npmjs.org/', './promise' ]
25 verbose url resolved https://registry.npmjs.org/promise
26 verbose request where is https://registry.npmjs.org/promise
27 info trying registry request attempt 1 at 12:28:23
28 verbose etag "1GZ94JI2I0WSVUWQ3CE8P3BIH"
29 http GET https://registry.npmjs.org/promise
30 http 200 https://registry.npmjs.org/promise
31 silly registry.get cb [ 200,
31 silly registry.get   { server: 'CouchDB/1.5.0 (Erlang OTP/R16B03)',
31 silly registry.get     etag: '"4OKJ3KAE0T8HBEG46U9H3PK8U"',
31 silly registry.get     'content-type': 'application/json',
31 silly registry.get     'cache-control': 'max-age=300',
31 silly registry.get     'content-length': '34850',
31 silly registry.get     'accept-ranges': 'bytes',
31 silly registry.get     date: 'Sat, 09 Apr 2016 09:28:23 GMT',
31 silly registry.get     via: '1.1 varnish',
31 silly registry.get     age: '117',
31 silly registry.get     connection: 'keep-alive',
31 silly registry.get     'x-served-by': 'cache-fra1228-FRA',
31 silly registry.get     'x-cache': 'HIT',
31 silly registry.get     'x-cache-hits': '3',
31 silly registry.get     'x-timer': 'S1460194103.471497,VS0,VE0',
31 silly registry.get     vary: 'Accept-Encoding' } ]
32 silly addNameRange number 2 { name: 'promise', range: '*', hasData: true }
33 silly addNameRange versions [ 'promise',
33 silly addNameRange   [ '1.2.1',
33 silly addNameRange     '1.2.2',
33 silly addNameRange     '1.3.0',
33 silly addNameRange     '2.0.0',
33 silly addNameRange     '3.0.0',
33 silly addNameRange     '3.0.1',
33 silly addNameRange     '3.1.0',
33 silly addNameRange     '3.2.0',
33 silly addNameRange     '4.0.0',
33 silly addNameRange     '5.0.0',
33 silly addNameRange     '6.0.0',
33 silly addNameRange     '6.0.1',
33 silly addNameRange     '6.1.0',
33 silly addNameRange     '7.0.0',
33 silly addNameRange     '7.0.1',
33 silly addNameRange     '7.0.2',
33 silly addNameRange     '7.0.3',
33 silly addNameRange     '7.0.4',
33 silly addNameRange     '7.1.0',
33 silly addNameRange     '7.1.1' ] ]
34 verbose addNamed [ 'promise', '7.1.1' ]
35 verbose addNamed [ '7.1.1', '7.1.1' ]
36 silly lockFile 05614bad-promise-7-1-1 promise@7.1.1
37 verbose lock promise@7.1.1 /home/ialeksandrychev/.npm/05614bad-promise-7-1-1.lock
38 silly lockFile 797e2f9b-js-org-promise-promise-7-1-1-tgz https://registry.npmjs.org/promise/-/promise-7.1.1.tgz
39 verbose lock https://registry.npmjs.org/promise/-/promise-7.1.1.tgz /home/ialeksandrychev/.npm/797e2f9b-js-org-promise-promise-7-1-1-tgz.lock
40 verbose addRemoteTarball [ 'https://registry.npmjs.org/promise/-/promise-7.1.1.tgz',
40 verbose addRemoteTarball   '489654c692616b8aa55b0724fa809bb7db49c5bf' ]
41 info retry fetch attempt 1 at 12:28:23
42 verbose fetch to= /tmp/npm-11111-YA_psqRT/registry.npmjs.org/promise/-/promise-7.1.1.tgz
43 http GET https://registry.npmjs.org/promise/-/promise-7.1.1.tgz
44 http 200 https://registry.npmjs.org/promise/-/promise-7.1.1.tgz
45 silly lockFile 797e2f9b-js-org-promise-promise-7-1-1-tgz https://registry.npmjs.org/promise/-/promise-7.1.1.tgz
46 silly lockFile 797e2f9b-js-org-promise-promise-7-1-1-tgz https://registry.npmjs.org/promise/-/promise-7.1.1.tgz
47 silly lockFile 05614bad-promise-7-1-1 promise@7.1.1
48 silly lockFile 05614bad-promise-7-1-1 promise@7.1.1
49 silly lockFile 9bab9899-promise promise@
50 silly lockFile 9bab9899-promise promise@
51 error Error: EACCES, mkdir '/home/ialeksandrychev/.npm/promise/7.1.1'
51 error  { [Error: EACCES, mkdir '/home/ialeksandrychev/.npm/promise/7.1.1']
51 error   errno: 3,
51 error   code: 'EACCES',
51 error   path: '/home/ialeksandrychev/.npm/promise/7.1.1',
51 error   parent: 'myapp' }
52 error Please try running this command again as root/Administrator.
53 error System Linux 3.19.0-58-generic
54 error command "/usr/bin/node" "/usr/bin/npm" "isntall" "promise"
55 error cwd /var/www/webroot/barcode/BonusCards-Mobile/myApp
56 error node -v v0.10.37
57 error npm -v 1.4.28
58 error path /home/ialeksandrychev/.npm/promise/7.1.1
59 error code EACCES
60 error errno 3
61 error stack Error: EACCES, mkdir '/home/ialeksandrychev/.npm/promise/7.1.1'
62 verbose exit [ 3, true ]
